{"body":{},"error":{"status":"error","statusCode":500,"storageErrors":[]},"level":"error","message":"Error occurred:","method":"POST","path":"/api/requests","query":{},"service":"error-handler","timestamp":"2024-11-18T14:35:58.022Z","user":"anonymous"}
{"body":{},"error":{"status":"error","statusCode":500,"storageErrors":[]},"level":"error","message":"Error occurred:","method":"POST","path":"/api/requests","query":{},"service":"error-handler","timestamp":"2024-11-18T14:36:29.348Z","user":"anonymous"}
{"body":{},"error":{"status":"error","statusCode":500,"storageErrors":[]},"level":"error","message":"Error occurred:","method":"POST","path":"/api/requests","query":{},"service":"error-handler","timestamp":"2024-11-18T14:48:57.261Z","user":"anonymous"}
{"body":{},"error":{"code":"ERR_INVALID_CHAR","status":"error","statusCode":500},"level":"error","message":"Error occurred:","method":"POST","path":"/api/requests","query":{},"service":"error-handler","timestamp":"2024-11-18T14:54:59.392Z","user":"anonymous"}
{"body":{},"error":{"code":"ERR_INVALID_CHAR","status":"error","statusCode":500},"level":"error","message":"Error occurred:","method":"POST","path":"/api/requests","query":{},"service":"error-handler","timestamp":"2024-11-18T15:06:35.987Z","user":"anonymous"}
{"body":{},"error":{"code":"ERR_INVALID_CHAR","status":"error","statusCode":500},"level":"error","message":"Error occurred:","method":"POST","path":"/api/requests","query":{},"service":"error-handler","timestamp":"2024-11-18T15:08:27.670Z","user":"anonymous"}
{"body":{},"error":{"code":"ERR_INVALID_CHAR","status":"error","statusCode":500},"level":"error","message":"Error occurred:","method":"POST","path":"/api/requests","query":{},"service":"error-handler","timestamp":"2024-11-18T15:09:26.258Z","user":"anonymous"}
{"error":{"status":"error","statusCode":500},"level":"error","message":"Error occurred:","method":"POST","path":"/api/requests","query":{},"service":"error-handler","timestamp":"2024-11-18T15:27:18.704Z","user":"anonymous"}
{"error":{"status":"error","statusCode":500},"level":"error","message":"Error occurred:","method":"POST","path":"/api/requests","query":{},"service":"error-handler","timestamp":"2024-11-18T15:28:49.166Z","user":"anonymous"}
{"error":{"status":"error","statusCode":500},"level":"error","message":"Error occurred:","method":"POST","path":"/api/requests","query":{},"service":"error-handler","timestamp":"2024-11-18T15:29:40.225Z","user":"anonymous"}
{"body":{},"error":{"code":"ERR_INVALID_CHAR","status":"error","statusCode":500},"level":"error","message":"Error occurred:","method":"GET","path":"/favicon.ico","query":{},"service":"error-handler","timestamp":"2024-11-18T15:29:40.324Z","user":"anonymous"}
{"error":{"status":"error","statusCode":500},"level":"error","message":"Error occurred:","method":"POST","path":"/api/requests","query":{},"service":"error-handler","timestamp":"2024-11-18T15:29:47.143Z","user":"anonymous"}
{"error":{"status":"error","statusCode":500},"level":"error","message":"Error occurred:","method":"POST","path":"/api/requests","query":{},"service":"error-handler","timestamp":"2024-11-18T15:31:41.136Z","user":"anonymous"}
{"error":{"status":"error","statusCode":500},"level":"error","message":"Error occurred:","method":"POST","path":"/api/requests","query":{},"service":"error-handler","timestamp":"2024-11-18T15:33:13.207Z","user":"anonymous"}
{"body":{},"error":{"status":"error","statusCode":500,"storageErrors":[]},"level":"error","message":"Error occurred:","method":"POST","path":"/api/requests","query":{},"service":"error-handler","timestamp":"2024-11-18T15:34:02.720Z","user":"anonymous"}
{"body":{},"error":{"status":"error","statusCode":500,"storageErrors":[]},"level":"error","message":"Error occurred:","method":"POST","path":"/api/requests","query":{},"service":"error-handler","timestamp":"2024-11-18T15:35:16.486Z","user":"anonymous"}
{"body":{},"error":{"status":"error","statusCode":500,"storageErrors":[]},"level":"error","message":"Error occurred:","method":"POST","path":"/api/requests","query":{},"service":"error-handler","timestamp":"2024-11-18T15:36:01.738Z","user":"anonymous"}
{"body":{},"error":{"status":"error","statusCode":500,"storageErrors":[]},"level":"error","message":"Error occurred:","method":"POST","path":"/api/requests","query":{},"service":"error-handler","timestamp":"2024-11-18T15:40:53.835Z","user":"anonymous"}
{"body":{},"error":{"status":"error","statusCode":500,"storageErrors":[]},"level":"error","message":"Error occurred:","method":"POST","path":"/api/requests","query":{},"service":"error-handler","timestamp":"2024-11-18T15:41:03.765Z","user":"anonymous"}
{"body":{},"error":{"status":"error","statusCode":500,"storageErrors":[]},"level":"error","message":"Error occurred:","method":"POST","path":"/api/requests","query":{},"service":"error-handler","timestamp":"2024-11-18T15:41:45.454Z","user":"anonymous"}
{"body":{},"error":{"status":"error","statusCode":500,"storageErrors":[]},"level":"error","message":"Error occurred:","method":"POST","path":"/api/requests","query":{},"service":"error-handler","timestamp":"2024-11-18T15:42:57.466Z","user":"anonymous"}
{"body":{},"error":{"status":"error","statusCode":500,"storageErrors":[]},"level":"error","message":"Error occurred:","method":"POST","path":"/api/requests","query":{},"service":"error-handler","timestamp":"2024-11-18T15:43:15.418Z","user":"anonymous"}
{"body":{},"error":{"status":"error","statusCode":500,"storageErrors":[]},"level":"error","message":"Error occurred:","method":"POST","path":"/api/requests","query":{},"service":"error-handler","timestamp":"2024-11-18T15:45:22.228Z","user":"anonymous"}
{"body":{},"error":{"status":"error","statusCode":500,"storageErrors":[]},"level":"error","message":"Error occurred:","method":"POST","path":"/api/requests","query":{},"service":"error-handler","timestamp":"2024-11-18T16:00:25.257Z","user":"anonymous"}
{"body":{"description":"sdfsdf","priority":"Medium","requestType":"Bug Report","title":"dsfdsf"},"error":{"code":"LIMIT_UNEXPECTED_FILE","field":"attachment","message":"Unexpected field","name":"MulterError","status":"error","statusCode":500,"storageErrors":[]},"level":"error","message":"Error occurred:","method":"POST","path":"/api/requests","query":{},"service":"error-handler","timestamp":"2024-11-18T16:00:33.985Z","user":"anonymous"}
{"body":{},"error":{"status":"error","statusCode":500,"storageErrors":[]},"level":"error","message":"Error occurred:","method":"POST","path":"/api/requests","query":{},"service":"error-handler","timestamp":"2024-11-18T16:10:40.870Z","user":"anonymous"}
